Determining if the Q_WS_WIN exist failed with the following output:
Change Dir: /home/dwbertol/Downloads/matode-dev/dbl/platform/simulation/odesim/matlab/build/CMakeFiles/CMakeTmp

Run Build Command:"/usr/bin/make" "cmTC_24b0f/fast"
/usr/bin/make -f CMakeFiles/cmTC_24b0f.dir/build.make CMakeFiles/cmTC_24b0f.dir/build
make[1]: Entering directory '/home/dwbertol/Downloads/matode-dev/dbl/platform/simulation/odesim/matlab/build/CMakeFiles/CMakeTmp'
Building CXX object CMakeFiles/cmTC_24b0f.dir/CheckSymbolExists.cxx.o
/usr/bin/c++   -I/usr/include/qt4   -o CMakeFiles/cmTC_24b0f.dir/CheckSymbolExists.cxx.o -c /home/dwbertol/Downloads/matode-dev/dbl/platform/simulation/odesim/matlab/build/CMakeFiles/CMakeTmp/CheckSymbolExists.cxx
/home/dwbertol/Downloads/matode-dev/dbl/platform/simulation/odesim/matlab/build/CMakeFiles/CMakeTmp/CheckSymbolExists.cxx: In function ‘int main(int, char**)’:
/home/dwbertol/Downloads/matode-dev/dbl/platform/simulation/odesim/matlab/build/CMakeFiles/CMakeTmp/CheckSymbolExists.cxx:8:19: error: ‘Q_WS_WIN’ was not declared in this scope
   return ((int*)(&Q_WS_WIN))[argc];
                   ^~~~~~~~
/home/dwbertol/Downloads/matode-dev/dbl/platform/simulation/odesim/matlab/build/CMakeFiles/CMakeTmp/CheckSymbolExists.cxx:8:19: note: suggested alternative: ‘Q_WS_X11’
   return ((int*)(&Q_WS_WIN))[argc];
                   ^~~~~~~~
                   Q_WS_X11
CMakeFiles/cmTC_24b0f.dir/build.make:65: recipe for target 'CMakeFiles/cmTC_24b0f.dir/CheckSymbolExists.cxx.o' failed
make[1]: *** [CMakeFiles/cmTC_24b0f.dir/CheckSymbolExists.cxx.o] Error 1
make[1]: Leaving directory '/home/dwbertol/Downloads/matode-dev/dbl/platform/simulation/odesim/matlab/build/CMakeFiles/CMakeTmp'
Makefile:126: recipe for target 'cmTC_24b0f/fast' failed
make: *** [cmTC_24b0f/fast] Error 2

File /home/dwbertol/Downloads/matode-dev/dbl/platform/simulation/odesim/matlab/build/CMakeFiles/CMakeTmp/CheckSymbolExists.cxx:
/* */
#include <QtCore/qglobal.h>

int main(int argc, char** argv)
{
  (void)argv;
#ifndef Q_WS_WIN
  return ((int*)(&Q_WS_WIN))[argc];
#else
  (void)argc;
  return 0;
#endif
}

Determining if the Q_WS_QWS exist failed with the following output:
Change Dir: /home/dwbertol/Downloads/matode-dev/dbl/platform/simulation/odesim/matlab/build/CMakeFiles/CMakeTmp

Run Build Command:"/usr/bin/make" "cmTC_19688/fast"
/usr/bin/make -f CMakeFiles/cmTC_19688.dir/build.make CMakeFiles/cmTC_19688.dir/build
make[1]: Entering directory '/home/dwbertol/Downloads/matode-dev/dbl/platform/simulation/odesim/matlab/build/CMakeFiles/CMakeTmp'
Building CXX object CMakeFiles/cmTC_19688.dir/CheckSymbolExists.cxx.o
/usr/bin/c++   -I/usr/include/qt4   -o CMakeFiles/cmTC_19688.dir/CheckSymbolExists.cxx.o -c /home/dwbertol/Downloads/matode-dev/dbl/platform/simulation/odesim/matlab/build/CMakeFiles/CMakeTmp/CheckSymbolExists.cxx
/home/dwbertol/Downloads/matode-dev/dbl/platform/simulation/odesim/matlab/build/CMakeFiles/CMakeTmp/CheckSymbolExists.cxx: In function ‘int main(int, char**)’:
/home/dwbertol/Downloads/matode-dev/dbl/platform/simulation/odesim/matlab/build/CMakeFiles/CMakeTmp/CheckSymbolExists.cxx:8:19: error: ‘Q_WS_QWS’ was not declared in this scope
   return ((int*)(&Q_WS_QWS))[argc];
                   ^~~~~~~~
/home/dwbertol/Downloads/matode-dev/dbl/platform/simulation/odesim/matlab/build/CMakeFiles/CMakeTmp/CheckSymbolExists.cxx:8:19: note: suggested alternative: ‘Q_WS_X11’
   return ((int*)(&Q_WS_QWS))[argc];
                   ^~~~~~~~
                   Q_WS_X11
CMakeFiles/cmTC_19688.dir/build.make:65: recipe for target 'CMakeFiles/cmTC_19688.dir/CheckSymbolExists.cxx.o' failed
make[1]: *** [CMakeFiles/cmTC_19688.dir/CheckSymbolExists.cxx.o] Error 1
make[1]: Leaving directory '/home/dwbertol/Downloads/matode-dev/dbl/platform/simulation/odesim/matlab/build/CMakeFiles/CMakeTmp'
Makefile:126: recipe for target 'cmTC_19688/fast' failed
make: *** [cmTC_19688/fast] Error 2

File /home/dwbertol/Downloads/matode-dev/dbl/platform/simulation/odesim/matlab/build/CMakeFiles/CMakeTmp/CheckSymbolExists.cxx:
/* */
#include <QtCore/qglobal.h>

int main(int argc, char** argv)
{
  (void)argv;
#ifndef Q_WS_QWS
  return ((int*)(&Q_WS_QWS))[argc];
#else
  (void)argc;
  return 0;
#endif
}

Determining if the Q_WS_MAC exist failed with the following output:
Change Dir: /home/dwbertol/Downloads/matode-dev/dbl/platform/simulation/odesim/matlab/build/CMakeFiles/CMakeTmp

Run Build Command:"/usr/bin/make" "cmTC_27477/fast"
/usr/bin/make -f CMakeFiles/cmTC_27477.dir/build.make CMakeFiles/cmTC_27477.dir/build
make[1]: Entering directory '/home/dwbertol/Downloads/matode-dev/dbl/platform/simulation/odesim/matlab/build/CMakeFiles/CMakeTmp'
Building CXX object CMakeFiles/cmTC_27477.dir/CheckSymbolExists.cxx.o
/usr/bin/c++   -I/usr/include/qt4   -o CMakeFiles/cmTC_27477.dir/CheckSymbolExists.cxx.o -c /home/dwbertol/Downloads/matode-dev/dbl/platform/simulation/odesim/matlab/build/CMakeFiles/CMakeTmp/CheckSymbolExists.cxx
/home/dwbertol/Downloads/matode-dev/dbl/platform/simulation/odesim/matlab/build/CMakeFiles/CMakeTmp/CheckSymbolExists.cxx: In function ‘int main(int, char**)’:
/home/dwbertol/Downloads/matode-dev/dbl/platform/simulation/odesim/matlab/build/CMakeFiles/CMakeTmp/CheckSymbolExists.cxx:8:19: error: ‘Q_WS_MAC’ was not declared in this scope
   return ((int*)(&Q_WS_MAC))[argc];
                   ^~~~~~~~
/home/dwbertol/Downloads/matode-dev/dbl/platform/simulation/odesim/matlab/build/CMakeFiles/CMakeTmp/CheckSymbolExists.cxx:8:19: note: suggested alternative: ‘Q_WS_X11’
   return ((int*)(&Q_WS_MAC))[argc];
                   ^~~~~~~~
                   Q_WS_X11
CMakeFiles/cmTC_27477.dir/build.make:65: recipe for target 'CMakeFiles/cmTC_27477.dir/CheckSymbolExists.cxx.o' failed
make[1]: *** [CMakeFiles/cmTC_27477.dir/CheckSymbolExists.cxx.o] Error 1
make[1]: Leaving directory '/home/dwbertol/Downloads/matode-dev/dbl/platform/simulation/odesim/matlab/build/CMakeFiles/CMakeTmp'
Makefile:126: recipe for target 'cmTC_27477/fast' failed
make: *** [cmTC_27477/fast] Error 2

File /home/dwbertol/Downloads/matode-dev/dbl/platform/simulation/odesim/matlab/build/CMakeFiles/CMakeTmp/CheckSymbolExists.cxx:
/* */
#include <QtCore/qglobal.h>

int main(int argc, char** argv)
{
  (void)argv;
#ifndef Q_WS_MAC
  return ((int*)(&Q_WS_MAC))[argc];
#else
  (void)argc;
  return 0;
#endif
}

